2025-12-15 16:31:45,123 - __main__ - INFO - Starting Skin Shop Blog Crawler...
2025-12-15 16:31:45,126 - crawler.db_handler - ERROR - Failed to initialize Supabase client: Client.__init__() got an unexpected keyword argument 'proxy'
2025-12-15 16:31:45,148 - crawler.csv_handler - INFO - Created new CSV file: 확장_피부샵_원장_데이터.csv
2025-12-15 16:31:45,149 - __main__ - INFO - Loaded 20 keywords across 4 categories.
2025-12-15 16:31:45,150 - __main__ - INFO - Skipping 0 already collected URLs.
2025-12-15 16:31:45,150 - crawler.searcher - INFO - Searching Naver blogs for: 여드름 관리 후기
2025-12-15 16:31:45,151 - crawler.safe_crawler - INFO - Waiting for 12.45 seconds...
2025-12-15 16:31:57,603 - crawler.safe_crawler - INFO - Requesting URL: https://search.naver.com/search.naver (Attempt 1/3)
2025-12-15 16:31:59,275 - crawler.searcher - INFO - Found 0 Naver blogs for '여드름 관리 후기'
2025-12-15 16:32:02,291 - crawler.searcher - INFO - Searching Naver blogs for: 성인 여드름 관리
2025-12-15 16:32:02,309 - crawler.safe_crawler - INFO - Waiting for 8.15 seconds...
2025-12-15 16:32:10,455 - crawler.safe_crawler - INFO - Requesting URL: https://search.naver.com/search.naver (Attempt 1/3)
2025-12-15 16:32:11,167 - crawler.searcher - INFO - Found 0 Naver blogs for '성인 여드름 관리'
2025-12-15 16:32:14,168 - crawler.searcher - INFO - Searching Naver blogs for: 부산 피부미백 관리
2025-12-15 16:32:14,168 - crawler.safe_crawler - INFO - Waiting for 13.83 seconds...
2025-12-15 16:32:28,003 - crawler.safe_crawler - INFO - Requesting URL: https://search.naver.com/search.naver (Attempt 1/3)
2025-12-15 16:32:28,944 - crawler.searcher - INFO - Found 0 Naver blogs for '부산 피부미백 관리'
2025-12-15 16:32:31,946 - crawler.searcher - INFO - Searching Naver blogs for: 대구 리프팅 케어
2025-12-15 16:32:31,946 - crawler.safe_crawler - INFO - Waiting for 7.02 seconds...
2025-12-15 16:32:38,981 - crawler.safe_crawler - INFO - Requesting URL: https://search.naver.com/search.naver (Attempt 1/3)
2025-12-15 16:32:39,823 - crawler.searcher - INFO - Found 0 Naver blogs for '대구 리프팅 케어'
2025-12-15 16:32:42,825 - crawler.searcher - INFO - Searching Naver blogs for: 주름 개선 관리
2025-12-15 16:32:42,826 - crawler.safe_crawler - INFO - Waiting for 9.17 seconds...
2025-12-15 16:32:52,044 - crawler.safe_crawler - INFO - Requesting URL: https://search.naver.com/search.naver (Attempt 1/3)
2025-12-15 16:32:52,850 - crawler.searcher - INFO - Found 0 Naver blogs for '주름 개선 관리'
2025-12-15 16:32:55,851 - crawler.searcher - INFO - Searching Naver blogs for: 고주파 관리
2025-12-15 16:32:55,851 - crawler.safe_crawler - INFO - Waiting for 10.78 seconds...
2025-12-15 16:33:06,636 - crawler.safe_crawler - INFO - Requesting URL: https://search.naver.com/search.naver (Attempt 1/3)
2025-12-15 16:33:07,713 - crawler.searcher - INFO - Found 0 Naver blogs for '고주파 관리'
2025-12-15 16:33:10,780 - crawler.searcher - INFO - Searching Naver blogs for: 민감성 피부 관리 후기
2025-12-15 16:33:10,932 - crawler.safe_crawler - INFO - Waiting for 10.23 seconds...
2025-12-15 16:33:21,186 - crawler.safe_crawler - INFO - Requesting URL: https://search.naver.com/search.naver (Attempt 1/3)
2025-12-15 16:33:22,053 - crawler.searcher - INFO - Found 0 Naver blogs for '민감성 피부 관리 후기'
2025-12-15 16:33:25,055 - crawler.searcher - INFO - Searching Naver blogs for: 피부 수분 관리
2025-12-15 16:33:25,059 - crawler.safe_crawler - INFO - Waiting for 13.00 seconds...
2025-12-15 16:34:08,457 - __main__ - INFO - Starting Skin Shop Blog Crawler...
2025-12-15 16:34:08,467 - crawler.db_handler - ERROR - Supabase Client init error (proxy arg): Client.__init__() got an unexpected keyword argument 'proxy'. Continuing without DB.
2025-12-15 16:34:08,473 - __main__ - INFO - Loaded 20 keywords across 4 categories.
2025-12-15 16:34:08,474 - __main__ - INFO - Skipping 0 already collected URLs.
2025-12-15 16:34:08,480 - crawler.searcher - INFO - Searching Naver blogs for: 여드름 관리 후기
2025-12-15 16:34:08,482 - crawler.safe_crawler - INFO - Waiting for 13.34 seconds...
2025-12-15 16:34:21,835 - crawler.safe_crawler - INFO - Requesting URL: https://search.naver.com/search.naver (Attempt 1/3)
2025-12-15 16:34:23,667 - crawler.searcher - INFO - Found 5 Naver blogs for '여드름 관리 후기'
2025-12-15 16:34:26,668 - crawler.searcher - INFO - Searching Naver blogs for: 성인 여드름 관리
2025-12-15 16:34:26,668 - crawler.safe_crawler - INFO - Waiting for 6.08 seconds...
2025-12-15 16:34:32,746 - crawler.safe_crawler - INFO - Requesting URL: https://search.naver.com/search.naver (Attempt 1/3)
2025-12-15 16:34:33,219 - crawler.searcher - INFO - Found 5 Naver blogs for '성인 여드름 관리'
2025-12-15 16:34:36,300 - crawler.searcher - INFO - Searching Naver blogs for: 부산 피부미백 관리
2025-12-15 16:34:36,391 - crawler.safe_crawler - INFO - Waiting for 13.90 seconds...
2025-12-15 16:34:50,642 - crawler.safe_crawler - INFO - Requesting URL: https://search.naver.com/search.naver (Attempt 1/3)
2025-12-15 16:34:51,849 - crawler.searcher - INFO - Found 5 Naver blogs for '부산 피부미백 관리'
2025-12-15 16:34:55,156 - crawler.searcher - INFO - Searching Naver blogs for: 대구 리프팅 케어
2025-12-15 16:34:55,169 - crawler.safe_crawler - INFO - Waiting for 8.69 seconds...
2025-12-15 16:35:03,860 - crawler.safe_crawler - INFO - Requesting URL: https://search.naver.com/search.naver (Attempt 1/3)
2025-12-15 16:35:04,401 - crawler.searcher - INFO - Found 5 Naver blogs for '대구 리프팅 케어'
2025-12-15 16:35:07,417 - crawler.searcher - INFO - Searching Naver blogs for: 주름 개선 관리
2025-12-15 16:35:07,420 - crawler.safe_crawler - INFO - Waiting for 7.24 seconds...
2025-12-15 16:35:14,800 - crawler.safe_crawler - INFO - Requesting URL: https://search.naver.com/search.naver (Attempt 1/3)
2025-12-15 16:35:15,504 - crawler.searcher - INFO - Found 5 Naver blogs for '주름 개선 관리'
2025-12-15 16:35:18,811 - crawler.searcher - INFO - Searching Naver blogs for: 고주파 관리
2025-12-15 16:35:19,060 - crawler.safe_crawler - INFO - Waiting for 13.46 seconds...
2025-12-15 16:35:32,933 - crawler.safe_crawler - INFO - Requesting URL: https://search.naver.com/search.naver (Attempt 1/3)
2025-12-15 16:35:35,076 - crawler.searcher - INFO - Found 5 Naver blogs for '고주파 관리'
2025-12-15 16:35:38,303 - crawler.searcher - INFO - Searching Naver blogs for: 민감성 피부 관리 후기
2025-12-15 16:35:38,306 - crawler.safe_crawler - INFO - Waiting for 14.05 seconds...
2025-12-15 16:38:54,381 - __main__ - INFO - Starting Skin Shop Blog Crawler...
2025-12-15 16:38:54,383 - crawler.db_handler - ERROR - Supabase Client init error (proxy arg): Client.__init__() got an unexpected keyword argument 'proxy'. Continuing without DB.
2025-12-15 16:38:54,383 - __main__ - INFO - Loaded 1 keywords across 1 categories.
2025-12-15 16:38:54,383 - __main__ - INFO - Skipping 0 already collected URLs.
2025-12-15 16:38:54,383 - crawler.searcher - INFO - Searching Naver blogs for: 여드름 관리 후기
2025-12-15 16:38:54,383 - crawler.safe_crawler - INFO - Waiting for 12.69 seconds...
2025-12-15 16:39:07,074 - crawler.safe_crawler - INFO - Requesting URL: https://search.naver.com/search.naver (Attempt 1/3)
2025-12-15 16:39:08,773 - crawler.searcher - INFO - Found 5 Naver blogs for '여드름 관리 후기'
2025-12-15 16:39:11,776 - __main__ - INFO - Total unique blogs found in search: 2
2025-12-15 16:39:11,776 - __main__ - INFO - New blogs to crawl: 2
2025-12-15 16:39:11,776 - __main__ - INFO - Processing (1/2): https://blog.naver.com/gahhyony_/224089618588
2025-12-15 16:39:11,777 - crawler.extractor - INFO - Extracting data from: https://blog.naver.com/gahhyony_/224089618588
2025-12-15 16:39:11,777 - crawler.safe_crawler - INFO - Waiting for 11.86 seconds...
2025-12-15 16:39:23,638 - crawler.safe_crawler - INFO - Requesting URL: https://m.blog.naver.com/gahhyony_/224089618588 (Attempt 1/3)
2025-12-15 16:39:25,149 - crawler.extractor - INFO - No email found in https://blog.naver.com/gahhyony_/224089618588
2025-12-15 16:39:25,149 - __main__ - INFO - Processing (2/2): https://blog.naver.com/gahhyony_
2025-12-15 16:39:25,150 - crawler.extractor - INFO - Extracting data from: https://blog.naver.com/gahhyony_
2025-12-15 16:39:25,150 - crawler.safe_crawler - INFO - Waiting for 6.22 seconds...
2025-12-15 16:39:31,662 - crawler.safe_crawler - INFO - Requesting URL: https://m.blog.naver.com/gahhyony_ (Attempt 1/3)
2025-12-15 16:39:32,365 - crawler.csv_handler - INFO - Appended to CSV: https://blog.naver.com/gahhyony_
2025-12-15 16:39:32,542 - __main__ - WARNING - Failed to save to DB: https://blog.naver.com/gahhyony_
2025-12-15 16:39:32,543 - __main__ - INFO - Crawling finished. Successfully saved 0 new leads.
2025-12-15 16:56:44,576 - __main__ - INFO - Starting Skin Shop Blog Crawler...
2025-12-15 16:56:44,578 - crawler.db_handler - ERROR - Supabase Client init error (proxy arg): Client.__init__() got an unexpected keyword argument 'proxy'. Continuing without DB.
2025-12-15 16:56:44,579 - __main__ - INFO - Loaded 20 keywords across 4 categories.
2025-12-15 16:56:44,580 - __main__ - INFO - Skipping 0 already collected URLs.
2025-12-15 16:56:44,580 - crawler.searcher - INFO - Searching Naver blogs for: 여드름 관리 후기
2025-12-15 16:56:44,581 - crawler.safe_crawler - INFO - Waiting for 13.50 seconds...
2025-12-15 16:56:51,146 - __main__ - INFO - Starting Skin Shop Blog Crawler...
2025-12-15 16:56:51,146 - crawler.db_handler - ERROR - Supabase Client init error (proxy arg): Client.__init__() got an unexpected keyword argument 'proxy'. Continuing without DB.
2025-12-15 16:56:51,147 - __main__ - INFO - Loaded 20 keywords across 4 categories.
2025-12-15 16:56:51,147 - __main__ - INFO - Skipping 0 already collected URLs.
2025-12-15 16:56:51,147 - crawler.searcher - INFO - Searching Naver blogs for: 여드름 관리 후기
2025-12-15 16:56:51,147 - crawler.safe_crawler - INFO - Waiting for 13.24 seconds...
2025-12-15 16:57:04,387 - crawler.safe_crawler - INFO - Requesting URL: https://search.naver.com/search.naver (Attempt 1/3)
2025-12-15 16:57:06,340 - crawler.searcher - INFO - Found 5 Naver blogs for '여드름 관리 후기'
2025-12-15 16:57:09,341 - crawler.searcher - INFO - Searching Naver blogs for: 성인 여드름 관리
2025-12-15 16:57:09,341 - crawler.safe_crawler - INFO - Waiting for 11.45 seconds...
2025-12-15 16:57:20,789 - crawler.safe_crawler - INFO - Requesting URL: https://search.naver.com/search.naver (Attempt 1/3)
2025-12-15 16:57:21,503 - crawler.searcher - INFO - Found 5 Naver blogs for '성인 여드름 관리'
2025-12-15 16:57:24,503 - crawler.searcher - INFO - Searching Naver blogs for: 부산 피부미백 관리
2025-12-15 16:57:24,504 - crawler.safe_crawler - INFO - Waiting for 12.65 seconds...
2025-12-15 16:57:37,156 - crawler.safe_crawler - INFO - Requesting URL: https://search.naver.com/search.naver (Attempt 1/3)
2025-12-15 16:57:38,007 - crawler.searcher - INFO - Found 5 Naver blogs for '부산 피부미백 관리'
2025-12-15 16:58:47,525 - __main__ - INFO - Starting Skin Shop Blog Crawler...
2025-12-15 16:58:47,526 - crawler.db_handler - ERROR - Supabase Client init error (proxy arg): Client.__init__() got an unexpected keyword argument 'proxy'. Continuing without DB.
2025-12-15 16:58:47,526 - __main__ - INFO - Loaded 20 keywords across 4 categories.
2025-12-15 16:58:47,526 - __main__ - INFO - Skipping 0 already collected URLs.
2025-12-15 16:58:47,527 - crawler.searcher - INFO - Searching Naver blogs for: 여드름 관리 후기
2025-12-15 16:58:47,527 - crawler.safe_crawler - INFO - Waiting for 13.78 seconds...
2025-12-15 16:59:01,305 - crawler.safe_crawler - INFO - Requesting URL: https://search.naver.com/search.naver (Attempt 1/3)
2025-12-15 16:59:02,935 - crawler.searcher - INFO - Found 5 Naver blogs for '여드름 관리 후기'
2025-12-15 16:59:05,938 - crawler.searcher - INFO - Searching Naver blogs for: 성인 여드름 관리
2025-12-15 16:59:05,938 - crawler.safe_crawler - INFO - Waiting for 6.25 seconds...
2025-12-15 16:59:12,188 - crawler.safe_crawler - INFO - Requesting URL: https://search.naver.com/search.naver (Attempt 1/3)
2025-12-15 16:59:12,751 - crawler.searcher - INFO - Found 5 Naver blogs for '성인 여드름 관리'
2025-12-15 16:59:15,754 - crawler.searcher - INFO - Searching Naver blogs for: 부산 피부미백 관리
2025-12-15 16:59:15,754 - crawler.safe_crawler - INFO - Waiting for 9.08 seconds...
2025-12-15 16:59:24,835 - crawler.safe_crawler - INFO - Requesting URL: https://search.naver.com/search.naver (Attempt 1/3)
2025-12-15 16:59:25,481 - crawler.searcher - INFO - Found 5 Naver blogs for '부산 피부미백 관리'
2025-12-15 16:59:28,482 - crawler.searcher - INFO - Searching Naver blogs for: 대구 리프팅 케어
2025-12-15 16:59:28,482 - crawler.safe_crawler - INFO - Waiting for 12.07 seconds...
2025-12-15 16:59:40,557 - crawler.safe_crawler - INFO - Requesting URL: https://search.naver.com/search.naver (Attempt 1/3)
2025-12-15 16:59:41,343 - crawler.searcher - INFO - Found 5 Naver blogs for '대구 리프팅 케어'
2025-12-15 16:59:44,344 - crawler.searcher - INFO - Searching Naver blogs for: 주름 개선 관리
2025-12-15 16:59:44,344 - crawler.safe_crawler - INFO - Waiting for 14.72 seconds...
2025-12-15 16:59:59,068 - crawler.safe_crawler - INFO - Requesting URL: https://search.naver.com/search.naver (Attempt 1/3)
2025-12-15 16:59:59,797 - crawler.searcher - INFO - Found 0 Naver blogs for '주름 개선 관리'
2025-12-15 17:00:02,798 - crawler.searcher - INFO - Searching Naver blogs for: 고주파 관리
2025-12-15 17:00:02,798 - crawler.safe_crawler - INFO - Waiting for 6.38 seconds...
2025-12-15 17:00:09,202 - crawler.safe_crawler - INFO - Requesting URL: https://search.naver.com/search.naver (Attempt 1/3)
2025-12-15 17:00:10,019 - crawler.searcher - INFO - Found 5 Naver blogs for '고주파 관리'
2025-12-15 17:00:13,020 - crawler.searcher - INFO - Searching Naver blogs for: 민감성 피부 관리 후기
2025-12-15 17:00:13,020 - crawler.safe_crawler - INFO - Waiting for 7.00 seconds...
2025-12-15 17:00:20,025 - crawler.safe_crawler - INFO - Requesting URL: https://search.naver.com/search.naver (Attempt 1/3)
2025-12-15 17:00:20,906 - crawler.searcher - INFO - Found 5 Naver blogs for '민감성 피부 관리 후기'
2025-12-15 17:00:23,906 - crawler.searcher - INFO - Searching Naver blogs for: 피부 수분 관리
2025-12-15 17:00:23,906 - crawler.safe_crawler - INFO - Waiting for 6.68 seconds...
2025-12-15 17:00:30,587 - crawler.safe_crawler - INFO - Requesting URL: https://search.naver.com/search.naver (Attempt 1/3)
2025-12-15 17:00:31,395 - crawler.searcher - INFO - Found 5 Naver blogs for '피부 수분 관리'
2025-12-15 17:00:34,397 - crawler.searcher - INFO - Searching Naver blogs for: 블랙헤드 제거 후기
2025-12-15 17:00:34,397 - crawler.safe_crawler - INFO - Waiting for 12.90 seconds...
2025-12-15 17:00:47,293 - crawler.safe_crawler - INFO - Requesting URL: https://search.naver.com/search.naver (Attempt 1/3)
2025-12-15 17:00:48,276 - crawler.searcher - INFO - Found 5 Naver blogs for '블랙헤드 제거 후기'
2025-12-15 17:00:51,475 - crawler.searcher - INFO - Searching Naver blogs for: 인천 피부 재생 관리
2025-12-15 17:00:51,475 - crawler.safe_crawler - INFO - Waiting for 11.46 seconds...
2025-12-15 17:01:02,940 - crawler.safe_crawler - INFO - Requesting URL: https://search.naver.com/search.naver (Attempt 1/3)
2025-12-15 17:01:03,889 - crawler.searcher - INFO - Found 5 Naver blogs for '인천 피부 재생 관리'
2025-12-15 17:01:06,900 - crawler.searcher - INFO - Searching Naver blogs for: LDM 관리
2025-12-15 17:01:06,900 - crawler.safe_crawler - INFO - Waiting for 12.70 seconds...
2025-12-15 17:01:19,600 - crawler.safe_crawler - INFO - Requesting URL: https://search.naver.com/search.naver (Attempt 1/3)
2025-12-15 17:01:20,408 - crawler.searcher - INFO - Found 5 Naver blogs for 'LDM 관리'
2025-12-15 17:01:23,409 - crawler.searcher - INFO - Searching Naver blogs for: 피부샵 창업
2025-12-15 17:01:23,409 - crawler.safe_crawler - INFO - Waiting for 11.06 seconds...
2025-12-15 17:01:34,468 - crawler.safe_crawler - INFO - Requesting URL: https://search.naver.com/search.naver (Attempt 1/3)
2025-12-15 17:01:35,273 - crawler.searcher - INFO - Found 5 Naver blogs for '피부샵 창업'
2025-12-15 17:01:38,275 - crawler.searcher - INFO - Searching Naver blogs for: 1인 피부샵 운영
2025-12-15 17:01:38,275 - crawler.safe_crawler - INFO - Waiting for 14.56 seconds...
2025-12-15 17:01:52,838 - crawler.safe_crawler - INFO - Requesting URL: https://search.naver.com/search.naver (Attempt 1/3)
2025-12-15 17:01:53,594 - crawler.searcher - INFO - Found 5 Naver blogs for '1인 피부샵 운영'
2025-12-15 17:01:56,596 - crawler.searcher - INFO - Searching Naver blogs for: 피부샵 마케팅
2025-12-15 17:01:56,596 - crawler.safe_crawler - INFO - Waiting for 9.86 seconds...
2025-12-15 17:02:06,455 - crawler.safe_crawler - INFO - Requesting URL: https://search.naver.com/search.naver (Attempt 1/3)
2025-12-15 17:02:07,109 - crawler.searcher - INFO - Found 5 Naver blogs for '피부샵 마케팅'
2025-12-15 17:02:10,110 - crawler.searcher - INFO - Searching Naver blogs for: 피부샵 운영 노하우
2025-12-15 17:02:10,110 - crawler.safe_crawler - INFO - Waiting for 9.36 seconds...
2025-12-15 17:02:19,467 - crawler.safe_crawler - INFO - Requesting URL: https://search.naver.com/search.naver (Attempt 1/3)
2025-12-15 17:02:20,190 - crawler.searcher - INFO - Found 5 Naver blogs for '피부샵 운영 노하우'
2025-12-15 17:02:23,191 - crawler.searcher - INFO - Searching Naver blogs for: 에스테티션 일상
2025-12-15 17:02:23,191 - crawler.safe_crawler - INFO - Waiting for 11.50 seconds...
2025-12-15 17:02:34,695 - crawler.safe_crawler - INFO - Requesting URL: https://search.naver.com/search.naver (Attempt 1/3)
2025-12-15 17:02:35,194 - crawler.searcher - INFO - Found 5 Naver blogs for '에스테티션 일상'
2025-12-15 17:02:38,195 - crawler.searcher - INFO - Searching Naver blogs for: 피부샵 매출 올리기
2025-12-15 17:02:38,195 - crawler.safe_crawler - INFO - Waiting for 7.64 seconds...
2025-12-15 17:02:45,839 - crawler.safe_crawler - INFO - Requesting URL: https://search.naver.com/search.naver (Attempt 1/3)
2025-12-15 17:02:46,641 - crawler.searcher - INFO - Found 5 Naver blogs for '피부샵 매출 올리기'
2025-12-15 17:02:49,643 - crawler.searcher - INFO - Searching Naver blogs for: 피부샵 추천
2025-12-15 17:02:49,643 - crawler.safe_crawler - INFO - Waiting for 10.40 seconds...
2025-12-15 17:03:00,045 - crawler.safe_crawler - INFO - Requesting URL: https://search.naver.com/search.naver (Attempt 1/3)
2025-12-15 17:03:00,769 - crawler.searcher - INFO - Found 5 Naver blogs for '피부샵 추천'
2025-12-15 17:03:03,771 - crawler.searcher - INFO - Searching Naver blogs for: 내돈내산 피부샵 후기
2025-12-15 17:03:03,771 - crawler.safe_crawler - INFO - Waiting for 5.22 seconds...
2025-12-15 17:03:09,018 - crawler.safe_crawler - INFO - Requesting URL: https://search.naver.com/search.naver (Attempt 1/3)
2025-12-15 17:03:09,919 - crawler.searcher - INFO - Found 5 Naver blogs for '내돈내산 피부샵 후기'
2025-12-15 17:03:12,920 - crawler.searcher - INFO - Searching Naver blogs for: 결혼 전 피부관리
2025-12-15 17:03:12,920 - crawler.safe_crawler - INFO - Waiting for 5.52 seconds...
2025-12-15 17:03:18,445 - crawler.safe_crawler - INFO - Requesting URL: https://search.naver.com/search.naver (Attempt 1/3)
2025-12-15 17:03:19,217 - crawler.searcher - INFO - Found 5 Naver blogs for '결혼 전 피부관리'
2025-12-15 17:03:22,218 - __main__ - INFO - Total unique blogs found in search: 38
2025-12-15 17:03:22,218 - __main__ - INFO - New blogs to crawl: 38
2025-12-15 17:03:22,218 - __main__ - INFO - Processing (1/38): https://blog.naver.com/labeautycn/223528416946
2025-12-15 17:03:22,218 - crawler.extractor - INFO - Extracting data from: https://blog.naver.com/labeautycn/223528416946
2025-12-15 17:03:22,218 - crawler.safe_crawler - INFO - Waiting for 9.86 seconds...
2025-12-15 17:03:32,076 - crawler.safe_crawler - INFO - Requesting URL: https://m.blog.naver.com/labeautycn/223528416946 (Attempt 1/3)
2025-12-15 17:03:32,942 - crawler.extractor - INFO - No email found in https://blog.naver.com/labeautycn/223528416946
2025-12-15 17:03:32,943 - __main__ - INFO - Processing (2/38): https://blog.naver.com/coala118/224100723556
2025-12-15 17:03:32,943 - crawler.extractor - INFO - Extracting data from: https://blog.naver.com/coala118/224100723556
2025-12-15 17:03:32,943 - crawler.safe_crawler - INFO - Waiting for 12.62 seconds...
2025-12-15 17:03:45,560 - crawler.safe_crawler - INFO - Requesting URL: https://m.blog.naver.com/coala118/224100723556 (Attempt 1/3)
2025-12-15 17:03:45,773 - crawler.extractor - INFO - No email found in https://blog.naver.com/coala118/224100723556
2025-12-15 17:03:45,773 - __main__ - INFO - Processing (3/38): https://blog.naver.com/howzu/224107175206
2025-12-15 17:03:45,773 - crawler.extractor - INFO - Extracting data from: https://blog.naver.com/howzu/224107175206
2025-12-15 17:03:45,773 - crawler.safe_crawler - INFO - Waiting for 13.82 seconds...
2025-12-16 13:39:34,540 - __main__ - INFO - Starting Skin Shop Blog Crawler...
2025-12-16 13:39:34,541 - crawler.db_handler - ERROR - Supabase Client init error (proxy arg): Client.__init__() got an unexpected keyword argument 'proxy'. Continuing without DB.
2025-12-16 13:39:34,542 - __main__ - INFO - Loaded 20 keywords across 4 categories.
2025-12-16 13:39:34,542 - __main__ - INFO - Skipping 0 already collected URLs.
2025-12-16 13:39:34,542 - crawler.searcher - INFO - Searching Naver blogs for: 여드름 관리 후기
2025-12-16 13:39:34,543 - crawler.safe_crawler - INFO - Waiting for 9.29 seconds...
2025-12-16 13:39:43,838 - crawler.safe_crawler - INFO - Requesting URL: https://search.naver.com/search.naver (Attempt 1/3)
2025-12-16 13:39:45,274 - crawler.searcher - INFO - Found 5 Naver blogs for '여드름 관리 후기'
2025-12-16 13:39:48,275 - crawler.searcher - INFO - Searching Naver blogs for: 성인 여드름 관리
2025-12-16 13:39:48,275 - crawler.safe_crawler - INFO - Waiting for 8.27 seconds...
2025-12-16 13:39:56,548 - crawler.safe_crawler - INFO - Requesting URL: https://search.naver.com/search.naver (Attempt 1/3)
2025-12-16 13:39:57,200 - crawler.searcher - INFO - Found 5 Naver blogs for '성인 여드름 관리'
2025-12-16 13:40:00,202 - crawler.searcher - INFO - Searching Naver blogs for: 부산 피부미백 관리
2025-12-16 13:40:00,202 - crawler.safe_crawler - INFO - Waiting for 6.50 seconds...
2025-12-16 13:40:06,700 - crawler.safe_crawler - INFO - Requesting URL: https://search.naver.com/search.naver (Attempt 1/3)
2025-12-16 13:40:07,413 - crawler.searcher - INFO - Found 5 Naver blogs for '부산 피부미백 관리'
2025-12-16 13:40:10,414 - crawler.searcher - INFO - Searching Naver blogs for: 대구 리프팅 케어
2025-12-16 13:40:10,414 - crawler.safe_crawler - INFO - Waiting for 7.22 seconds...
2025-12-16 13:40:17,637 - crawler.safe_crawler - INFO - Requesting URL: https://search.naver.com/search.naver (Attempt 1/3)
2025-12-16 13:40:18,354 - crawler.searcher - INFO - Found 5 Naver blogs for '대구 리프팅 케어'
2025-12-16 13:40:21,355 - crawler.searcher - INFO - Searching Naver blogs for: 주름 개선 관리
2025-12-16 13:40:21,355 - crawler.safe_crawler - INFO - Waiting for 13.22 seconds...
2025-12-16 13:40:34,577 - crawler.safe_crawler - INFO - Requesting URL: https://search.naver.com/search.naver (Attempt 1/3)
2025-12-16 13:40:35,172 - crawler.searcher - INFO - Found 0 Naver blogs for '주름 개선 관리'
2025-12-16 13:40:38,173 - crawler.searcher - INFO - Searching Naver blogs for: 고주파 관리
2025-12-16 13:40:38,173 - crawler.safe_crawler - INFO - Waiting for 6.01 seconds...
2025-12-16 13:40:44,184 - crawler.safe_crawler - INFO - Requesting URL: https://search.naver.com/search.naver (Attempt 1/3)
2025-12-16 13:40:44,962 - crawler.searcher - INFO - Found 0 Naver blogs for '고주파 관리'
2025-12-16 13:40:47,963 - crawler.searcher - INFO - Searching Naver blogs for: 민감성 피부 관리 후기
2025-12-16 13:40:47,963 - crawler.safe_crawler - INFO - Waiting for 11.35 seconds...
2025-12-16 13:40:59,313 - crawler.safe_crawler - INFO - Requesting URL: https://search.naver.com/search.naver (Attempt 1/3)
2025-12-16 13:41:00,337 - crawler.searcher - INFO - Found 5 Naver blogs for '민감성 피부 관리 후기'
2025-12-16 13:41:03,339 - crawler.searcher - INFO - Searching Naver blogs for: 피부 수분 관리
2025-12-16 13:41:03,339 - crawler.safe_crawler - INFO - Waiting for 6.62 seconds...
2025-12-16 13:41:09,962 - crawler.safe_crawler - INFO - Requesting URL: https://search.naver.com/search.naver (Attempt 1/3)
2025-12-16 13:41:10,787 - crawler.searcher - INFO - Found 5 Naver blogs for '피부 수분 관리'
2025-12-16 13:41:13,788 - crawler.searcher - INFO - Searching Naver blogs for: 블랙헤드 제거 후기
2025-12-16 13:41:13,788 - crawler.safe_crawler - INFO - Waiting for 12.02 seconds...
2025-12-16 13:41:25,813 - crawler.safe_crawler - INFO - Requesting URL: https://search.naver.com/search.naver (Attempt 1/3)
2025-12-16 13:41:26,547 - crawler.searcher - INFO - Found 5 Naver blogs for '블랙헤드 제거 후기'
2025-12-16 13:41:29,548 - crawler.searcher - INFO - Searching Naver blogs for: 인천 피부 재생 관리
2025-12-16 13:41:29,548 - crawler.safe_crawler - INFO - Waiting for 7.18 seconds...
2025-12-16 13:41:36,730 - crawler.safe_crawler - INFO - Requesting URL: https://search.naver.com/search.naver (Attempt 1/3)
2025-12-16 13:41:37,459 - crawler.searcher - INFO - Found 5 Naver blogs for '인천 피부 재생 관리'
2025-12-16 13:41:40,460 - crawler.searcher - INFO - Searching Naver blogs for: LDM 관리
2025-12-16 13:41:40,460 - crawler.safe_crawler - INFO - Waiting for 10.66 seconds...
2025-12-16 13:41:51,126 - crawler.safe_crawler - INFO - Requesting URL: https://search.naver.com/search.naver (Attempt 1/3)
2025-12-16 13:41:51,906 - crawler.searcher - INFO - Found 5 Naver blogs for 'LDM 관리'
2025-12-16 13:41:54,907 - crawler.searcher - INFO - Searching Naver blogs for: 피부샵 창업
2025-12-16 13:41:54,907 - crawler.safe_crawler - INFO - Waiting for 6.87 seconds...
2025-12-16 13:42:01,781 - crawler.safe_crawler - INFO - Requesting URL: https://search.naver.com/search.naver (Attempt 1/3)
2025-12-16 13:42:02,559 - crawler.searcher - INFO - Found 5 Naver blogs for '피부샵 창업'
2025-12-16 13:42:05,560 - crawler.searcher - INFO - Searching Naver blogs for: 1인 피부샵 운영
2025-12-16 13:42:05,560 - crawler.safe_crawler - INFO - Waiting for 13.20 seconds...
2025-12-16 13:42:18,760 - crawler.safe_crawler - INFO - Requesting URL: https://search.naver.com/search.naver (Attempt 1/3)
2025-12-16 13:42:19,460 - crawler.searcher - INFO - Found 5 Naver blogs for '1인 피부샵 운영'
2025-12-16 13:42:22,592 - crawler.searcher - INFO - Searching Naver blogs for: 피부샵 마케팅
2025-12-16 13:42:22,594 - crawler.safe_crawler - INFO - Waiting for 10.43 seconds...
2025-12-16 13:42:33,027 - crawler.safe_crawler - INFO - Requesting URL: https://search.naver.com/search.naver (Attempt 1/3)
2025-12-16 13:42:33,734 - crawler.searcher - INFO - Found 5 Naver blogs for '피부샵 마케팅'
2025-12-16 13:42:36,735 - crawler.searcher - INFO - Searching Naver blogs for: 피부샵 운영 노하우
2025-12-16 13:42:36,735 - crawler.safe_crawler - INFO - Waiting for 7.73 seconds...
2025-12-16 13:42:44,474 - crawler.safe_crawler - INFO - Requesting URL: https://search.naver.com/search.naver (Attempt 1/3)
2025-12-16 13:42:45,527 - crawler.searcher - INFO - Found 5 Naver blogs for '피부샵 운영 노하우'
2025-12-16 13:42:48,545 - crawler.searcher - INFO - Searching Naver blogs for: 에스테티션 일상
2025-12-16 13:42:48,572 - crawler.safe_crawler - INFO - Waiting for 9.34 seconds...
2025-12-16 13:42:57,914 - crawler.safe_crawler - INFO - Requesting URL: https://search.naver.com/search.naver (Attempt 1/3)
2025-12-16 13:42:58,402 - crawler.searcher - INFO - Found 5 Naver blogs for '에스테티션 일상'
2025-12-16 13:43:01,427 - crawler.searcher - INFO - Searching Naver blogs for: 피부샵 매출 올리기
2025-12-16 13:43:01,427 - crawler.safe_crawler - INFO - Waiting for 5.45 seconds...
2025-12-16 13:43:06,878 - crawler.safe_crawler - INFO - Requesting URL: https://search.naver.com/search.naver (Attempt 1/3)
2025-12-16 13:43:07,535 - crawler.searcher - INFO - Found 5 Naver blogs for '피부샵 매출 올리기'
2025-12-16 13:43:10,536 - crawler.searcher - INFO - Searching Naver blogs for: 피부샵 추천
2025-12-16 13:43:10,536 - crawler.safe_crawler - INFO - Waiting for 11.33 seconds...
2025-12-16 13:43:21,863 - crawler.safe_crawler - INFO - Requesting URL: https://search.naver.com/search.naver (Attempt 1/3)
2025-12-16 13:43:22,633 - crawler.searcher - INFO - Found 5 Naver blogs for '피부샵 추천'
2025-12-16 13:43:25,635 - crawler.searcher - INFO - Searching Naver blogs for: 내돈내산 피부샵 후기
2025-12-16 13:43:25,635 - crawler.safe_crawler - INFO - Waiting for 8.86 seconds...
2025-12-16 13:43:34,500 - crawler.safe_crawler - INFO - Requesting URL: https://search.naver.com/search.naver (Attempt 1/3)
2025-12-16 13:43:35,387 - crawler.searcher - INFO - Found 5 Naver blogs for '내돈내산 피부샵 후기'
2025-12-16 13:43:38,388 - crawler.searcher - INFO - Searching Naver blogs for: 결혼 전 피부관리
2025-12-16 13:43:38,388 - crawler.safe_crawler - INFO - Waiting for 5.92 seconds...
2025-12-16 13:43:44,308 - crawler.safe_crawler - INFO - Requesting URL: https://search.naver.com/search.naver (Attempt 1/3)
2025-12-16 13:43:45,077 - crawler.searcher - INFO - Found 5 Naver blogs for '결혼 전 피부관리'
2025-12-16 13:43:48,078 - __main__ - INFO - Total unique blogs found in search: 36
2025-12-16 13:43:48,078 - __main__ - INFO - New blogs to crawl: 36
2025-12-16 13:43:48,078 - __main__ - INFO - Processing (1/36): https://blog.naver.com/note377/224049937032
2025-12-16 13:43:48,078 - crawler.extractor - INFO - Extracting data from: https://blog.naver.com/note377/224049937032
2025-12-16 13:43:48,078 - crawler.safe_crawler - INFO - Waiting for 12.64 seconds...
2025-12-16 13:44:00,719 - crawler.safe_crawler - INFO - Requesting URL: https://m.blog.naver.com/note377/224049937032 (Attempt 1/3)
2025-12-16 13:44:01,652 - crawler.extractor - INFO - No email found in https://blog.naver.com/note377/224049937032
2025-12-16 13:44:01,652 - __main__ - INFO - Processing (2/36): https://blog.naver.com/pathean/223359687863
2025-12-16 13:44:01,652 - crawler.extractor - INFO - Extracting data from: https://blog.naver.com/pathean/223359687863
2025-12-16 13:44:01,652 - crawler.safe_crawler - INFO - Waiting for 12.11 seconds...
2025-12-16 13:44:13,768 - crawler.safe_crawler - INFO - Requesting URL: https://m.blog.naver.com/pathean/223359687863 (Attempt 1/3)
2025-12-16 13:44:13,877 - crawler.extractor - INFO - No email found in https://blog.naver.com/pathean/223359687863
2025-12-16 13:44:13,877 - __main__ - INFO - Processing (3/36): https://blog.naver.com/jjuly232
2025-12-16 13:44:13,877 - crawler.extractor - INFO - Extracting data from: https://blog.naver.com/jjuly232
2025-12-16 13:44:13,877 - crawler.safe_crawler - INFO - Waiting for 14.87 seconds...
2025-12-16 13:44:28,744 - crawler.safe_crawler - INFO - Requesting URL: https://m.blog.naver.com/jjuly232 (Attempt 1/3)
2025-12-16 13:44:28,932 - crawler.extractor - INFO - No email found in https://blog.naver.com/jjuly232
2025-12-16 13:44:28,932 - __main__ - INFO - Processing (4/36): https://blog.naver.com/comma-esthetic
2025-12-16 13:44:28,932 - crawler.extractor - INFO - Extracting data from: https://blog.naver.com/comma-esthetic
2025-12-16 13:44:28,933 - crawler.safe_crawler - INFO - Waiting for 7.64 seconds...
2025-12-16 13:44:36,570 - crawler.safe_crawler - INFO - Requesting URL: https://m.blog.naver.com/comma-esthetic (Attempt 1/3)
2025-12-16 13:44:36,751 - crawler.extractor - INFO - No email found in https://blog.naver.com/comma-esthetic
2025-12-16 13:44:36,751 - __main__ - INFO - Processing (5/36): https://blog.naver.com/jjuly232/223894532948
2025-12-16 13:44:36,751 - crawler.extractor - INFO - Extracting data from: https://blog.naver.com/jjuly232/223894532948
2025-12-16 13:44:36,751 - crawler.safe_crawler - INFO - Waiting for 10.95 seconds...
2025-12-16 13:44:47,699 - crawler.safe_crawler - INFO - Requesting URL: https://m.blog.naver.com/jjuly232/223894532948 (Attempt 1/3)
2025-12-16 13:44:47,869 - crawler.extractor - INFO - No email found in https://blog.naver.com/jjuly232/223894532948
2025-12-16 13:44:47,869 - __main__ - INFO - Processing (6/36): https://blog.naver.com/allthatseoul
2025-12-16 13:44:47,869 - crawler.extractor - INFO - Extracting data from: https://blog.naver.com/allthatseoul
2025-12-16 13:44:47,869 - crawler.safe_crawler - INFO - Waiting for 12.28 seconds...
2025-12-16 13:45:00,148 - crawler.safe_crawler - INFO - Requesting URL: https://m.blog.naver.com/allthatseoul (Attempt 1/3)
2025-12-16 13:45:00,382 - crawler.extractor - INFO - No email found in https://blog.naver.com/allthatseoul
2025-12-16 13:45:00,382 - __main__ - INFO - Processing (7/36): https://blog.naver.com/coala118
2025-12-16 13:45:00,382 - crawler.extractor - INFO - Extracting data from: https://blog.naver.com/coala118
2025-12-16 13:45:00,382 - crawler.safe_crawler - INFO - Waiting for 8.88 seconds...
2025-12-16 13:45:09,262 - crawler.safe_crawler - INFO - Requesting URL: https://m.blog.naver.com/coala118 (Attempt 1/3)
2025-12-16 13:45:09,452 - crawler.csv_handler - INFO - Appended to CSV: https://blog.naver.com/coala118
2025-12-16 13:45:09,452 - __main__ - WARNING - Failed to save to DB: https://blog.naver.com/coala118
2025-12-16 13:45:09,452 - __main__ - INFO - Processing (8/36): https://blog.naver.com/ilhospj9635/224099444097
2025-12-16 13:45:09,452 - crawler.extractor - INFO - Extracting data from: https://blog.naver.com/ilhospj9635/224099444097
2025-12-16 13:45:09,452 - crawler.safe_crawler - INFO - Waiting for 8.56 seconds...
2025-12-16 13:45:18,017 - crawler.safe_crawler - INFO - Requesting URL: https://m.blog.naver.com/ilhospj9635/224099444097 (Attempt 1/3)
2025-12-16 13:45:18,219 - crawler.extractor - INFO - No email found in https://blog.naver.com/ilhospj9635/224099444097
2025-12-16 13:45:18,219 - __main__ - INFO - Processing (9/36): https://blog.naver.com/allthatseoul/224095356222
2025-12-16 13:45:18,219 - crawler.extractor - INFO - Extracting data from: https://blog.naver.com/allthatseoul/224095356222
2025-12-16 13:45:18,219 - crawler.safe_crawler - INFO - Waiting for 6.42 seconds...
2025-12-16 13:45:24,748 - crawler.safe_crawler - INFO - Requesting URL: https://m.blog.naver.com/allthatseoul/224095356222 (Attempt 1/3)
2025-12-16 13:45:24,884 - crawler.extractor - INFO - No email found in https://blog.naver.com/allthatseoul/224095356222
2025-12-16 13:45:24,884 - __main__ - INFO - Processing (10/36): https://blog.naver.com/note377
2025-12-16 13:45:24,884 - crawler.extractor - INFO - Extracting data from: https://blog.naver.com/note377
2025-12-16 13:45:24,884 - crawler.safe_crawler - INFO - Waiting for 10.24 seconds...
2025-12-16 13:45:35,129 - crawler.safe_crawler - INFO - Requesting URL: https://m.blog.naver.com/note377 (Attempt 1/3)
2025-12-16 13:45:35,313 - crawler.csv_handler - INFO - Appended to CSV: https://blog.naver.com/note377
2025-12-16 13:45:35,313 - __main__ - WARNING - Failed to save to DB: https://blog.naver.com/note377
2025-12-16 13:45:35,313 - __main__ - INFO - Processing (11/36): https://blog.naver.com/dayeonbeauty/223850469660
2025-12-16 13:45:35,313 - crawler.extractor - INFO - Extracting data from: https://blog.naver.com/dayeonbeauty/223850469660
2025-12-16 13:45:35,313 - crawler.safe_crawler - INFO - Waiting for 13.27 seconds...
2025-12-16 13:45:48,580 - crawler.safe_crawler - INFO - Requesting URL: https://m.blog.naver.com/dayeonbeauty/223850469660 (Attempt 1/3)
2025-12-16 13:45:48,697 - crawler.extractor - INFO - No email found in https://blog.naver.com/dayeonbeauty/223850469660
2025-12-16 13:45:48,697 - __main__ - INFO - Processing (12/36): https://blog.naver.com/sllovemy1/223283464014
2025-12-16 13:45:48,697 - crawler.extractor - INFO - Extracting data from: https://blog.naver.com/sllovemy1/223283464014
2025-12-16 13:45:48,698 - crawler.safe_crawler - INFO - Waiting for 12.73 seconds...
2025-12-16 13:46:01,425 - crawler.safe_crawler - INFO - Requesting URL: https://m.blog.naver.com/sllovemy1/223283464014 (Attempt 1/3)
2025-12-16 13:46:01,657 - crawler.extractor - INFO - No email found in https://blog.naver.com/sllovemy1/223283464014
2025-12-16 13:46:01,657 - __main__ - INFO - Processing (13/36): https://blog.naver.com/yovanna_amitielig
2025-12-16 13:46:01,658 - crawler.extractor - INFO - Extracting data from: https://blog.naver.com/yovanna_amitielig
2025-12-16 13:46:01,658 - crawler.safe_crawler - INFO - Waiting for 13.59 seconds...
2025-12-16 13:46:15,250 - crawler.safe_crawler - INFO - Requesting URL: https://m.blog.naver.com/yovanna_amitielig (Attempt 1/3)
2025-12-16 13:46:15,436 - crawler.extractor - INFO - No email found in https://blog.naver.com/yovanna_amitielig
2025-12-16 13:46:15,437 - __main__ - INFO - Processing (14/36): https://blog.naver.com/ilhospj9635
2025-12-16 13:46:15,437 - crawler.extractor - INFO - Extracting data from: https://blog.naver.com/ilhospj9635
2025-12-16 13:46:15,437 - crawler.safe_crawler - INFO - Waiting for 10.28 seconds...
2025-12-16 13:46:25,717 - crawler.safe_crawler - INFO - Requesting URL: https://m.blog.naver.com/ilhospj9635 (Attempt 1/3)
2025-12-16 13:46:25,921 - crawler.extractor - INFO - No email found in https://blog.naver.com/ilhospj9635
2025-12-16 13:46:25,921 - __main__ - INFO - Processing (15/36): https://blog.naver.com/gahhyony_/224089618588
2025-12-16 13:46:25,921 - crawler.extractor - INFO - Extracting data from: https://blog.naver.com/gahhyony_/224089618588
2025-12-16 13:46:25,921 - crawler.safe_crawler - INFO - Waiting for 14.65 seconds...
2025-12-16 13:46:40,572 - crawler.safe_crawler - INFO - Requesting URL: https://m.blog.naver.com/gahhyony_/224089618588 (Attempt 1/3)
2025-12-16 13:46:40,751 - crawler.extractor - INFO - No email found in https://blog.naver.com/gahhyony_/224089618588
2025-12-16 13:46:40,751 - __main__ - INFO - Processing (16/36): https://blog.naver.com/yjmk1123/223344813982
2025-12-16 13:46:40,751 - crawler.extractor - INFO - Extracting data from: https://blog.naver.com/yjmk1123/223344813982
2025-12-16 13:46:40,751 - crawler.safe_crawler - INFO - Waiting for 10.87 seconds...
2025-12-16 13:46:51,626 - crawler.safe_crawler - INFO - Requesting URL: https://m.blog.naver.com/yjmk1123/223344813982 (Attempt 1/3)
2025-12-16 13:46:51,886 - crawler.extractor - INFO - No email found in https://blog.naver.com/yjmk1123/223344813982
2025-12-16 13:46:51,887 - __main__ - INFO - Processing (17/36): https://blog.naver.com/qhwn0130/224101552387
2025-12-16 13:46:51,887 - crawler.extractor - INFO - Extracting data from: https://blog.naver.com/qhwn0130/224101552387
2025-12-16 13:46:51,887 - crawler.safe_crawler - INFO - Waiting for 13.40 seconds...
2025-12-16 13:47:05,289 - crawler.safe_crawler - INFO - Requesting URL: https://m.blog.naver.com/qhwn0130/224101552387 (Attempt 1/3)
2025-12-16 13:47:05,476 - crawler.extractor - INFO - No email found in https://blog.naver.com/qhwn0130/224101552387
2025-12-16 13:47:05,476 - __main__ - INFO - Processing (18/36): https://blog.naver.com/labeautycn/223528416946
2025-12-16 13:47:05,476 - crawler.extractor - INFO - Extracting data from: https://blog.naver.com/labeautycn/223528416946
2025-12-16 13:47:05,477 - crawler.safe_crawler - INFO - Waiting for 7.06 seconds...
2025-12-16 13:47:12,537 - crawler.safe_crawler - INFO - Requesting URL: https://m.blog.naver.com/labeautycn/223528416946 (Attempt 1/3)
2025-12-16 13:47:12,619 - crawler.extractor - INFO - No email found in https://blog.naver.com/labeautycn/223528416946
2025-12-16 13:47:12,619 - __main__ - INFO - Processing (19/36): https://blog.naver.com/hestia305/223090230200
2025-12-16 13:47:12,619 - crawler.extractor - INFO - Extracting data from: https://blog.naver.com/hestia305/223090230200
2025-12-16 13:47:12,619 - crawler.safe_crawler - INFO - Waiting for 6.03 seconds...
2025-12-16 13:47:18,646 - crawler.safe_crawler - INFO - Requesting URL: https://m.blog.naver.com/hestia305/223090230200 (Attempt 1/3)
2025-12-16 13:47:18,793 - crawler.extractor - INFO - No email found in https://blog.naver.com/hestia305/223090230200
2025-12-16 13:47:18,793 - __main__ - INFO - Processing (20/36): https://blog.naver.com/ahasoft_crm/223969142669
2025-12-16 13:47:18,793 - crawler.extractor - INFO - Extracting data from: https://blog.naver.com/ahasoft_crm/223969142669
2025-12-16 13:47:18,794 - crawler.safe_crawler - INFO - Waiting for 9.40 seconds...
2025-12-16 13:47:28,195 - crawler.safe_crawler - INFO - Requesting URL: https://m.blog.naver.com/ahasoft_crm/223969142669 (Attempt 1/3)
2025-12-16 13:47:28,314 - crawler.extractor - INFO - No email found in https://blog.naver.com/ahasoft_crm/223969142669
2025-12-16 13:47:28,315 - __main__ - INFO - Processing (21/36): https://blog.naver.com/gahhyony_
2025-12-16 13:47:28,315 - crawler.extractor - INFO - Extracting data from: https://blog.naver.com/gahhyony_
2025-12-16 13:47:28,315 - crawler.safe_crawler - INFO - Waiting for 13.35 seconds...
2025-12-16 13:47:41,670 - crawler.safe_crawler - INFO - Requesting URL: https://m.blog.naver.com/gahhyony_ (Attempt 1/3)
2025-12-16 13:47:41,896 - crawler.csv_handler - INFO - Appended to CSV: https://blog.naver.com/gahhyony_
2025-12-16 13:47:41,896 - __main__ - WARNING - Failed to save to DB: https://blog.naver.com/gahhyony_
2025-12-16 13:47:41,896 - __main__ - INFO - Processing (22/36): https://blog.naver.com/dermahills
2025-12-16 13:47:41,896 - crawler.extractor - INFO - Extracting data from: https://blog.naver.com/dermahills
2025-12-16 13:47:41,896 - crawler.safe_crawler - INFO - Waiting for 5.83 seconds...
2025-12-16 13:47:47,724 - crawler.safe_crawler - INFO - Requesting URL: https://m.blog.naver.com/dermahills (Attempt 1/3)
2025-12-16 13:47:47,883 - crawler.extractor - INFO - No email found in https://blog.naver.com/dermahills
2025-12-16 13:47:47,883 - __main__ - INFO - Processing (23/36): https://blog.naver.com/1004eihwa
2025-12-16 13:47:47,884 - crawler.extractor - INFO - Extracting data from: https://blog.naver.com/1004eihwa
2025-12-16 13:47:47,884 - crawler.safe_crawler - INFO - Waiting for 8.22 seconds...
2025-12-16 13:47:56,105 - crawler.safe_crawler - INFO - Requesting URL: https://m.blog.naver.com/1004eihwa (Attempt 1/3)
2025-12-16 13:47:56,321 - crawler.extractor - INFO - No email found in https://blog.naver.com/1004eihwa
2025-12-16 13:47:56,321 - __main__ - INFO - Processing (24/36): https://blog.naver.com/dermahills/224083834869
2025-12-16 13:47:56,321 - crawler.extractor - INFO - Extracting data from: https://blog.naver.com/dermahills/224083834869
2025-12-16 13:47:56,322 - crawler.safe_crawler - INFO - Waiting for 9.51 seconds...
2025-12-16 13:48:05,831 - crawler.safe_crawler - INFO - Requesting URL: https://m.blog.naver.com/dermahills/224083834869 (Attempt 1/3)
2025-12-16 13:48:06,019 - crawler.extractor - INFO - No email found in https://blog.naver.com/dermahills/224083834869
2025-12-16 13:48:06,019 - __main__ - INFO - Processing (25/36): https://blog.naver.com/fkdaljfdkajlsjakfld
2025-12-16 13:48:06,019 - crawler.extractor - INFO - Extracting data from: https://blog.naver.com/fkdaljfdkajlsjakfld
2025-12-16 13:48:06,019 - crawler.safe_crawler - INFO - Waiting for 12.89 seconds...
2025-12-16 13:48:18,912 - crawler.safe_crawler - INFO - Requesting URL: https://m.blog.naver.com/fkdaljfdkajlsjakfld (Attempt 1/3)
2025-12-16 13:48:19,200 - crawler.csv_handler - INFO - Appended to CSV: https://blog.naver.com/fkdaljfdkajlsjakfld
2025-12-16 13:48:19,200 - __main__ - WARNING - Failed to save to DB: https://blog.naver.com/fkdaljfdkajlsjakfld
2025-12-16 13:48:19,200 - __main__ - INFO - Processing (26/36): https://blog.naver.com/nc27410
2025-12-16 13:48:19,200 - crawler.extractor - INFO - Extracting data from: https://blog.naver.com/nc27410
2025-12-16 13:48:19,200 - crawler.safe_crawler - INFO - Waiting for 7.39 seconds...
2025-12-16 13:48:26,586 - crawler.safe_crawler - INFO - Requesting URL: https://m.blog.naver.com/nc27410 (Attempt 1/3)
2025-12-16 13:48:26,748 - crawler.extractor - INFO - No email found in https://blog.naver.com/nc27410
2025-12-16 13:48:26,748 - __main__ - INFO - Processing (27/36): https://blog.naver.com/dagam3040/222986511404
2025-12-16 13:48:26,748 - crawler.extractor - INFO - Extracting data from: https://blog.naver.com/dagam3040/222986511404
2025-12-16 13:48:26,748 - crawler.safe_crawler - INFO - Waiting for 14.94 seconds...
2025-12-16 13:48:41,687 - crawler.safe_crawler - INFO - Requesting URL: https://m.blog.naver.com/dagam3040/222986511404 (Attempt 1/3)
2025-12-16 13:48:41,799 - crawler.extractor - INFO - No email found in https://blog.naver.com/dagam3040/222986511404
2025-12-16 13:48:41,799 - __main__ - INFO - Processing (28/36): https://blog.naver.com/yovanna_amitielig/224100846883
2025-12-16 13:48:41,800 - crawler.extractor - INFO - Extracting data from: https://blog.naver.com/yovanna_amitielig/224100846883
2025-12-16 13:48:41,800 - crawler.safe_crawler - INFO - Waiting for 7.85 seconds...
2025-12-16 13:48:49,654 - crawler.safe_crawler - INFO - Requesting URL: https://m.blog.naver.com/yovanna_amitielig/224100846883 (Attempt 1/3)
2025-12-16 13:48:49,837 - crawler.extractor - INFO - No email found in https://blog.naver.com/yovanna_amitielig/224100846883
2025-12-16 13:48:49,837 - __main__ - INFO - Processing (29/36): https://blog.naver.com/bambbiii
2025-12-16 13:48:49,837 - crawler.extractor - INFO - Extracting data from: https://blog.naver.com/bambbiii
2025-12-16 13:48:49,837 - crawler.safe_crawler - INFO - Waiting for 8.71 seconds...
2025-12-16 13:48:58,551 - crawler.safe_crawler - INFO - Requesting URL: https://m.blog.naver.com/bambbiii (Attempt 1/3)
2025-12-16 13:48:58,724 - crawler.csv_handler - INFO - Appended to CSV: https://blog.naver.com/bambbiii
2025-12-16 13:48:58,724 - __main__ - WARNING - Failed to save to DB: https://blog.naver.com/bambbiii
2025-12-16 13:48:58,724 - __main__ - INFO - Processing (30/36): https://blog.naver.com/comma-esthetic/223191004563
2025-12-16 13:48:58,724 - crawler.extractor - INFO - Extracting data from: https://blog.naver.com/comma-esthetic/223191004563
2025-12-16 13:48:58,724 - crawler.safe_crawler - INFO - Waiting for 9.38 seconds...
2025-12-16 13:49:08,105 - crawler.safe_crawler - INFO - Requesting URL: https://m.blog.naver.com/comma-esthetic/223191004563 (Attempt 1/3)
2025-12-16 13:49:08,266 - crawler.extractor - INFO - No email found in https://blog.naver.com/comma-esthetic/223191004563
2025-12-16 13:49:08,266 - __main__ - INFO - Processing (31/36): https://blog.naver.com/coala118/224100723556
2025-12-16 13:49:08,266 - crawler.extractor - INFO - Extracting data from: https://blog.naver.com/coala118/224100723556
2025-12-16 13:49:08,267 - crawler.safe_crawler - INFO - Waiting for 13.54 seconds...
2025-12-16 13:49:21,808 - crawler.safe_crawler - INFO - Requesting URL: https://m.blog.naver.com/coala118/224100723556 (Attempt 1/3)
2025-12-16 13:49:22,047 - crawler.extractor - INFO - No email found in https://blog.naver.com/coala118/224100723556
2025-12-16 13:49:22,047 - __main__ - INFO - Processing (32/36): https://blog.naver.com/dongle2__/224083775746
2025-12-16 13:49:22,047 - crawler.extractor - INFO - Extracting data from: https://blog.naver.com/dongle2__/224083775746
2025-12-16 13:49:22,047 - crawler.safe_crawler - INFO - Waiting for 6.92 seconds...
2025-12-16 13:49:28,967 - crawler.safe_crawler - INFO - Requesting URL: https://m.blog.naver.com/dongle2__/224083775746 (Attempt 1/3)
2025-12-16 13:49:29,059 - crawler.extractor - INFO - No email found in https://blog.naver.com/dongle2__/224083775746
2025-12-16 13:49:29,060 - __main__ - INFO - Processing (33/36): https://blog.naver.com/nc27410/223893633688
2025-12-16 13:49:29,060 - crawler.extractor - INFO - Extracting data from: https://blog.naver.com/nc27410/223893633688
2025-12-16 13:49:29,060 - crawler.safe_crawler - INFO - Waiting for 6.74 seconds...
2025-12-16 13:49:35,797 - crawler.safe_crawler - INFO - Requesting URL: https://m.blog.naver.com/nc27410/223893633688 (Attempt 1/3)
2025-12-16 13:49:36,066 - crawler.extractor - INFO - No email found in https://blog.naver.com/nc27410/223893633688
2025-12-16 13:49:36,066 - __main__ - INFO - Processing (34/36): https://blog.naver.com/thomas_train
2025-12-16 13:49:36,066 - crawler.extractor - INFO - Extracting data from: https://blog.naver.com/thomas_train
2025-12-16 13:49:36,066 - crawler.safe_crawler - INFO - Waiting for 11.77 seconds...
2025-12-16 13:49:47,839 - crawler.safe_crawler - INFO - Requesting URL: https://m.blog.naver.com/thomas_train (Attempt 1/3)
2025-12-16 13:49:48,044 - crawler.extractor - INFO - No email found in https://blog.naver.com/thomas_train
2025-12-16 13:49:48,044 - __main__ - INFO - Processing (35/36): https://blog.naver.com/howzu/224107175206
2025-12-16 13:49:48,045 - crawler.extractor - INFO - Extracting data from: https://blog.naver.com/howzu/224107175206
2025-12-16 13:49:48,045 - crawler.safe_crawler - INFO - Waiting for 10.77 seconds...
2025-12-16 13:49:58,816 - crawler.safe_crawler - INFO - Requesting URL: https://m.blog.naver.com/howzu/224107175206 (Attempt 1/3)
2025-12-16 13:49:59,058 - crawler.extractor - INFO - No email found in https://blog.naver.com/howzu/224107175206
2025-12-16 13:49:59,058 - __main__ - INFO - Processing (36/36): https://blog.naver.com/hestia305/223569726814
2025-12-16 13:49:59,058 - crawler.extractor - INFO - Extracting data from: https://blog.naver.com/hestia305/223569726814
2025-12-16 13:49:59,058 - crawler.safe_crawler - INFO - Waiting for 6.02 seconds...
2025-12-16 13:50:05,076 - crawler.safe_crawler - INFO - Requesting URL: https://m.blog.naver.com/hestia305/223569726814 (Attempt 1/3)
2025-12-16 13:50:05,194 - crawler.extractor - INFO - No email found in https://blog.naver.com/hestia305/223569726814
2025-12-16 13:50:05,195 - __main__ - INFO - Crawling finished. Successfully saved 0 new leads.
